{"/Users/johnny/Documents/personal/demos/auto-test/node/index1.js":{"path":"/Users/johnny/Documents/personal/demos/auto-test/node/index1.js","s":{"1":1,"2":1},"b":{},"f":{},"fnMap":{},"statementMap":{"1":{"start":{"line":3,"column":0},"end":{"line":5,"column":1}},"2":{"start":{"line":4,"column":4},"end":{"line":4,"column":25}}},"branchMap":{}},"/Users/johnny/Documents/personal/demos/auto-test/node/index2.js":{"path":"/Users/johnny/Documents/personal/demos/auto-test/node/index2.js","s":{"1":1,"2":2},"b":{},"f":{},"fnMap":{},"statementMap":{"1":{"start":{"line":3,"column":0},"end":{"line":5,"column":1}},"2":{"start":{"line":4,"column":4},"end":{"line":4,"column":27}}},"branchMap":{}},"/Users/johnny/Documents/personal/demos/auto-test/node/index3.js":{"path":"/Users/johnny/Documents/personal/demos/auto-test/node/index3.js","s":{"1":1,"2":1,"3":1},"b":{},"f":{},"fnMap":{},"statementMap":{"1":{"start":{"line":3,"column":0},"end":{"line":5,"column":1}},"2":{"start":{"line":4,"column":4},"end":{"line":4,"column":54}},"3":{"start":{"line":4,"column":27},"end":{"line":4,"column":52}}},"branchMap":{}},"/Users/johnny/Documents/personal/demos/auto-test/node/index4.js":{"path":"/Users/johnny/Documents/personal/demos/auto-test/node/index4.js","s":{"1":1,"2":2,"3":2},"b":{},"f":{},"fnMap":{},"statementMap":{"1":{"start":{"line":3,"column":0},"end":{"line":5,"column":1}},"2":{"start":{"line":4,"column":4},"end":{"line":4,"column":60}},"3":{"start":{"line":4,"column":34},"end":{"line":4,"column":58}}},"branchMap":{}},"/Users/johnny/Documents/personal/demos/auto-test/node/index5.js":{"path":"/Users/johnny/Documents/personal/demos/auto-test/node/index5.js","s":{"1":1,"2":2,"3":1,"4":1,"5":1,"6":1},"b":{"1":[1,1]},"f":{},"fnMap":{},"statementMap":{"1":{"start":{"line":3,"column":0},"end":{"line":8,"column":1}},"2":{"start":{"line":4,"column":4},"end":{"line":6,"column":5}},"3":{"start":{"line":5,"column":8},"end":{"line":5,"column":64}},"4":{"start":{"line":5,"column":38},"end":{"line":5,"column":62}},"5":{"start":{"line":7,"column":4},"end":{"line":7,"column":60}},"6":{"start":{"line":7,"column":34},"end":{"line":7,"column":58}}},"branchMap":{"1":{"line":4,"type":"if","locations":[{"start":{"line":4,"column":4},"end":{"line":4,"column":4}},{"start":{"line":4,"column":4},"end":{"line":4,"column":4}}]}}}}