TN:
SF:/Users/johnny/Documents/personal/demos/auto-test/node/index1.js
FNF:0
FNH:0
DA:3,1
DA:4,1
LF:2
LH:2
BRF:0
BRH:0
end_of_record
TN:
SF:/Users/johnny/Documents/personal/demos/auto-test/node/index2.js
FNF:0
FNH:0
DA:3,1
DA:4,2
LF:2
LH:2
BRF:0
BRH:0
end_of_record
TN:
SF:/Users/johnny/Documents/personal/demos/auto-test/node/index3.js
FNF:0
FNH:0
DA:3,1
DA:4,1
LF:2
LH:2
BRF:0
BRH:0
end_of_record
TN:
SF:/Users/johnny/Documents/personal/demos/auto-test/node/index4.js
FNF:0
FNH:0
DA:3,1
DA:4,2
LF:2
LH:2
BRF:0
BRH:0
end_of_record
TN:
SF:/Users/johnny/Documents/personal/demos/auto-test/node/index5.js
FNF:0
FNH:0
DA:3,1
DA:4,2
DA:5,1
DA:7,1
LF:4
LH:4
BRDA:4,1,0,1
BRDA:4,1,1,1
BRF:2
BRH:2
end_of_record
